<?xml version="1.0" encoding="UTF-8"?>
<!-- Generated by org.testng.reporters.JUnitXMLReporter -->
<testsuite hostname="Cyborg-Genisys" ignored="0" name="Command line test" tests="8" failures="0" timestamp="2021-06-06T16:03:06 PKT" time="0.349" errors="0">
  <testcase name="IOStest" time="0.12" classname="cyborgensys.MavenJava.AppiumTest"/>
  <testcase name="nativeAPPAndroid" time="0.0" classname="cyborgensys.MavenJava.AppiumTest"/>
  <testcase name="tesing" time="0.0" classname="cyborgensys.MavenJava.CheckTest"/>
  <testcase name="tesingagain" time="0.0" classname="cyborgensys.MavenJava.CheckTest"/>
  <testcase name="deleteTwitter" time="0.0" classname="cyborgensys.MavenJava.RestAPITest"/>
  <testcase name="postJira" time="0.0" classname="cyborgensys.MavenJava.RestAPITest"/>
  <testcase name="BrowserAutomation" time="0.0" classname="cyborgensys.MavenJava.SeleniumTest"/>
  <testcase name="elementsUI" time="0.0" classname="cyborgensys.MavenJava.SeleniumTest"/>
</testsuite> <!-- Command line test -->
