<?xml version="1.0" encoding="UTF-8"?>
<testng-results ignored="0" total="2" passed="2" failed="0" skipped="0">
  <reporter-output>
  </reporter-output>
  <suite started-at="2021-06-05T18:26:37 PKT" name="Default suite" finished-at="2021-06-05T18:26:37 PKT" duration-ms="62">
    <groups>
    </groups>
    <test started-at="2021-06-05T18:26:37 PKT" name="Default test" finished-at="2021-06-05T18:26:37 PKT" duration-ms="62">
      <class name="cyborgensys.MavenJava.RestAPItest">
        <test-method signature="deleteTwitter()[pri:0, instance:cyborgensys.MavenJava.RestAPItest@73700b80]" started-at="2021-06-05T18:26:37 PKT" name="deleteTwitter" finished-at="2021-06-05T18:26:37 PKT" duration-ms="9" status="PASS">
          <reporter-output>
          </reporter-output>
        </test-method> <!-- deleteTwitter -->
        <test-method signature="postJira()[pri:0, instance:cyborgensys.MavenJava.RestAPItest@73700b80]" started-at="2021-06-05T18:26:37 PKT" name="postJira" finished-at="2021-06-05T18:26:37 PKT" duration-ms="1" status="PASS">
          <reporter-output>
          </reporter-output>
        </test-method> <!-- postJira -->
      </class> <!-- cyborgensys.MavenJava.RestAPItest -->
    </test> <!-- Default test -->
  </suite> <!-- Default suite -->
</testng-results>
